0 info it worked if it ends with ok
1 verbose cli [ 'c:\\Program Files\\nodejs\\\\node.exe',
1 verbose cli   'c:\\Program Files\\nodejs\\node_modules\\npm\\bin\\npm-cli.js',
1 verbose cli   'install',
1 verbose cli   '-g',
1 verbose cli   'express-generator' ]
2 info using npm@2.5.1
3 info using node@v0.12.0
4 verbose node symlink c:\Program Files\nodejs\\node.exe
5 silly cache add args [ 'express-generator', null ]
6 verbose cache add spec express-generator
7 silly cache add parsed spec { raw: 'express-generator',
7 silly cache add   scope: null,
7 silly cache add   name: 'express-generator',
7 silly cache add   rawSpec: '',
7 silly cache add   spec: '*',
7 silly cache add   type: 'range' }
8 verbose addNamed express-generator@*
9 silly addNamed semver.valid null
10 silly addNamed semver.validRange *
11 silly addNameRange { name: 'express-generator', range: '*', hasData: false }
12 silly mapToRegistry name express-generator
13 silly mapToRegistry using default registry
14 silly mapToRegistry registry https://registry.npmjs.org/
15 silly mapToRegistry uri https://registry.npmjs.org/express-generator
16 verbose addNameRange registry:https://registry.npmjs.org/express-generator not in flight; fetching
17 verbose request uri https://registry.npmjs.org/express-generator
18 verbose request no auth needed
19 info attempt registry request try #1 at 7:21:08 AM
20 verbose request id 13c0af031f7e8efa
21 verbose etag "3TI97QC0GH2OK1K5YNJAOHR21"
22 http request GET https://registry.npmjs.org/express-generator
23 http 304 https://registry.npmjs.org/express-generator
24 silly get cb [ 304,
24 silly get   { date: 'Thu, 02 Apr 2015 12:21:07 GMT',
24 silly get     server: 'Apache',
24 silly get     via: '1.1 varnish',
24 silly get     'last-modified': 'Thu, 02 Apr 2015 12:21:07 GMT',
24 silly get     'cache-control': 'max-age=60',
24 silly get     etag: '"3TI97QC0GH2OK1K5YNJAOHR21"',
24 silly get     age: '0',
24 silly get     'x-served-by': 'cache-dfw1822-DFW',
24 silly get     'x-cache': 'MISS',
24 silly get     'x-cache-hits': '0',
24 silly get     'x-timer': 'S1427977267.816741,VS0,VE45',
24 silly get     vary: 'Accept',
24 silly get     'content-length': '0',
24 silly get     'keep-alive': 'timeout=10, max=50',
24 silly get     connection: 'Keep-Alive' } ]
25 verbose etag https://registry.npmjs.org/express-generator from cache
26 verbose get saving express-generator to C:\Users\elemmon\AppData\Roaming\npm-cache\registry.npmjs.org\express-generator\.cache.json
27 silly addNameRange number 2 { name: 'express-generator', range: '*', hasData: true }
28 silly addNameRange versions [ 'express-generator',
28 silly addNameRange   [ '1.0.0',
28 silly addNameRange     '3.0.0',
28 silly addNameRange     '4.0.0',
28 silly addNameRange     '4.2.0',
28 silly addNameRange     '4.8.0',
28 silly addNameRange     '4.9.0',
28 silly addNameRange     '4.10.0',
28 silly addNameRange     '4.11.0',
28 silly addNameRange     '4.11.1',
28 silly addNameRange     '4.11.2',
28 silly addNameRange     '4.12.0',
28 silly addNameRange     '4.12.1' ] ]
29 verbose addNamed express-generator@4.12.1
30 silly addNamed semver.valid 4.12.1
31 silly addNamed semver.validRange 4.12.1
32 silly cache afterAdd express-generator@4.12.1
33 verbose afterAdd C:\Users\elemmon\AppData\Roaming\npm-cache\express-generator\4.12.1\package\package.json not in flight; writing
34 verbose afterAdd C:\Users\elemmon\AppData\Roaming\npm-cache\express-generator\4.12.1\package\package.json written
35 silly install resolved [ { name: 'express-generator',
35 silly install resolved     description: 'Express\' application generator',
35 silly install resolved     version: '4.12.1',
35 silly install resolved     author: { name: 'TJ Holowaychuk', email: 'tj@vision-media.ca' },
35 silly install resolved     contributors: [ [Object], [Object], [Object], [Object], [Object], [Object] ],
35 silly install resolved     keywords:
35 silly install resolved      [ 'express',
35 silly install resolved        'framework',
35 silly install resolved        'sinatra',
35 silly install resolved        'web',
35 silly install resolved        'rest',
35 silly install resolved        'restful',
35 silly install resolved        'router',
35 silly install resolved        'app',
35 silly install resolved        'api' ],
35 silly install resolved     repository: { type: 'git', url: 'https://github.com/expressjs/generator' },
35 silly install resolved     license: 'MIT',
35 silly install resolved     dependencies: { commander: '2.6.0', mkdirp: '0.5.0', 'sorted-object': '1.0.0' },
35 silly install resolved     main: 'bin/express',
35 silly install resolved     preferGlobal: true,
35 silly install resolved     bin: { express: './bin/express' },
35 silly install resolved     devDependencies: { mocha: '~2.1.0', rimraf: '~2.2.8', supertest: '~0.15.0' },
35 silly install resolved     engines: { node: '>= 0.10' },
35 silly install resolved     files: [ 'LICENSE', 'bin/', 'templates/' ],
35 silly install resolved     scripts:
35 silly install resolved      { test: 'mocha --reporter spec --bail --check-leaks test/',
35 silly install resolved        'test-ci': 'mocha --reporter spec --check-leaks test/' },
35 silly install resolved     gitHead: 'd9674537f819db269aa54b241a5436fbbf4f2fe0',
35 silly install resolved     bugs: { url: 'https://github.com/expressjs/generator/issues' },
35 silly install resolved     homepage: 'https://github.com/expressjs/generator',
35 silly install resolved     _id: 'express-generator@4.12.1',
35 silly install resolved     _shasum: '79852114d5fc42b9b8f7690567b155ebdf17a246',
35 silly install resolved     _from: 'express-generator@*',
35 silly install resolved     _npmVersion: '1.4.28',
35 silly install resolved     _npmUser: { name: 'dougwilson', email: 'doug@somethingdoug.com' },
35 silly install resolved     maintainers: [ [Object], [Object], [Object], [Object], [Object], [Object] ],
35 silly install resolved     dist:
35 silly install resolved      { shasum: '79852114d5fc42b9b8f7690567b155ebdf17a246',
35 silly install resolved        tarball: 'http://registry.npmjs.org/express-generator/-/express-generator-4.12.1.tgz' },
35 silly install resolved     directories: {},
35 silly install resolved     _resolved: 'https://registry.npmjs.org/express-generator/-/express-generator-4.12.1.tgz',
35 silly install resolved     readme: 'ERROR: No README data found!' } ]
36 info install express-generator@4.12.1 into C:\Users\elemmon\AppData\Roaming\npm
37 info installOne express-generator@4.12.1
38 verbose installOne of express-generator to C:\Users\elemmon\AppData\Roaming\npm not in flight; installing
39 verbose lock using C:\Users\elemmon\AppData\Roaming\npm-cache\_locks\express-generator-d1c4737b21a5b035.lock for C:\Users\elemmon\AppData\Roaming\npm\node_modules\express-generator
40 silly install write writing express-generator 4.12.1 to C:\Users\elemmon\AppData\Roaming\npm\node_modules\express-generator
41 silly cache addNamed cb express-generator@4.12.1
42 verbose unbuild node_modules\express-generator
43 info preuninstall express-generator@4.12.1
44 info uninstall express-generator@4.12.1
45 verbose unbuild rmStuff express-generator@4.12.1 from C:\Users\elemmon\AppData\Roaming\npm\node_modules
46 verbose gentlyRm verifying that C:\Users\elemmon\AppData\Roaming\npm is managed by npm
47 silly isManaged C:\Users\elemmon\AppData\Roaming\npm is not inside C:\Users\elemmon\AppData\Roaming\npm\node_modules
48 silly isManaged C:\Users\elemmon\AppData\Roaming\npm is not inside C:\Users\elemmon\AppData\Roaming\npm\node_modules
49 silly isManaged C:\Users\elemmon\AppData\Roaming\npm is inside C:\Users\elemmon\AppData\Roaming\npm
50 silly gentlyRm C:\Users\elemmon\AppData\Roaming\npm is managed by npm
51 silly gentlyRm C:\Users\elemmon\AppData\Roaming\npm\express.cmd is under C:\Users\elemmon\AppData\Roaming\npm
52 verbose gentlyRm vacuuming C:\Users\elemmon\AppData\Roaming\npm\express.cmd up to C:\Users\elemmon\AppData\Roaming\npm
53 verbose gentlyRm verifying that C:\Users\elemmon\AppData\Roaming\npm is managed by npm
54 silly isManaged C:\Users\elemmon\AppData\Roaming\npm is not inside C:\Users\elemmon\AppData\Roaming\npm\node_modules
55 silly isManaged C:\Users\elemmon\AppData\Roaming\npm is not inside C:\Users\elemmon\AppData\Roaming\npm\node_modules
56 silly isManaged C:\Users\elemmon\AppData\Roaming\npm is inside C:\Users\elemmon\AppData\Roaming\npm
57 silly gentlyRm C:\Users\elemmon\AppData\Roaming\npm is managed by npm
58 silly gentlyRm C:\Users\elemmon\AppData\Roaming\npm\express is under C:\Users\elemmon\AppData\Roaming\npm
59 verbose gentlyRm vacuuming C:\Users\elemmon\AppData\Roaming\npm\express up to C:\Users\elemmon\AppData\Roaming\npm
60 info postuninstall express-generator@4.12.1
61 verbose gentlyRm vacuuming C:\Users\elemmon\AppData\Roaming\npm\node_modules\express-generator
62 silly gentlyRm purging C:\Users\elemmon\AppData\Roaming\npm\node_modules\express-generator
63 verbose unlock done using C:\Users\elemmon\AppData\Roaming\npm-cache\_locks\express-generator-d1c4737b21a5b035.lock for C:\Users\elemmon\AppData\Roaming\npm\node_modules\express-generator
64 verbose stack Error: EBUSY, unlink 'C:\Users\elemmon\AppData\Roaming\npm\node_modules\express-generator'
64 verbose stack     at Error (native)
65 verbose cwd C:\GitHub\Survey-POC
66 error Windows_NT 6.1.7601
67 error argv "c:\\Program Files\\nodejs\\\\node.exe" "c:\\Program Files\\nodejs\\node_modules\\npm\\bin\\npm-cli.js" "install" "-g" "express-generator"
68 error node v0.12.0
69 error npm  v2.5.1
70 error path C:\Users\elemmon\AppData\Roaming\npm\node_modules\express-generator
71 error code EBUSY
72 error errno -4082
73 error EBUSY, unlink 'C:\Users\elemmon\AppData\Roaming\npm\node_modules\express-generator'
74 error If you need help, you may report this error at:
74 error     <http://github.com/npm/npm/issues>
75 verbose exit [ -4082, true ]
76 verbose unbuild node_modules\express-generator
77 info preuninstall express-generator@4.12.1
78 info uninstall express-generator@4.12.1
79 verbose unbuild rmStuff express-generator@4.12.1 from C:\Users\elemmon\AppData\Roaming\npm\node_modules
80 verbose gentlyRm verifying that C:\Users\elemmon\AppData\Roaming\npm is managed by npm
81 silly isManaged C:\Users\elemmon\AppData\Roaming\npm is not inside C:\Users\elemmon\AppData\Roaming\npm\node_modules
82 silly isManaged C:\Users\elemmon\AppData\Roaming\npm is not inside C:\Users\elemmon\AppData\Roaming\npm\node_modules
83 silly isManaged C:\Users\elemmon\AppData\Roaming\npm is inside C:\Users\elemmon\AppData\Roaming\npm
84 silly gentlyRm C:\Users\elemmon\AppData\Roaming\npm is managed by npm
85 silly gentlyRm C:\Users\elemmon\AppData\Roaming\npm\express.cmd is under C:\Users\elemmon\AppData\Roaming\npm
86 verbose gentlyRm vacuuming C:\Users\elemmon\AppData\Roaming\npm\express.cmd up to C:\Users\elemmon\AppData\Roaming\npm
87 verbose gentlyRm verifying that C:\Users\elemmon\AppData\Roaming\npm is managed by npm
88 silly isManaged C:\Users\elemmon\AppData\Roaming\npm is not inside C:\Users\elemmon\AppData\Roaming\npm\node_modules
89 silly isManaged C:\Users\elemmon\AppData\Roaming\npm is not inside C:\Users\elemmon\AppData\Roaming\npm\node_modules
90 silly isManaged C:\Users\elemmon\AppData\Roaming\npm is inside C:\Users\elemmon\AppData\Roaming\npm
91 silly gentlyRm C:\Users\elemmon\AppData\Roaming\npm is managed by npm
92 silly gentlyRm C:\Users\elemmon\AppData\Roaming\npm\express is under C:\Users\elemmon\AppData\Roaming\npm
93 verbose gentlyRm vacuuming C:\Users\elemmon\AppData\Roaming\npm\express up to C:\Users\elemmon\AppData\Roaming\npm
94 info postuninstall express-generator@4.12.1
95 verbose gentlyRm vacuuming C:\Users\elemmon\AppData\Roaming\npm\node_modules\express-generator
96 silly gentlyRm purging C:\Users\elemmon\AppData\Roaming\npm\node_modules\express-generator
97 error error rolling back Error: EBUSY, unlink 'C:\Users\elemmon\AppData\Roaming\npm\node_modules\express-generator'
97 error error rolling back     at Error (native)
97 error error rolling back  { [Error: EBUSY, unlink 'C:\Users\elemmon\AppData\Roaming\npm\node_modules\express-generator']
97 error error rolling back   errno: -4082,
97 error error rolling back   code: 'EBUSY',
97 error error rolling back   path: 'C:\\Users\\elemmon\\AppData\\Roaming\\npm\\node_modules\\express-generator' }
